<?xml version="1.0" encoding="UTF-8"?>
<Site BuildName="Linux-g++"
	BuildStamp="20230903-0000-Experimental"
	Name="Rileys-Desktop"
	Generator="ctest-3.25.2"
	CompilerName="/usr/bin/g++"
	CompilerVersion="9.3.0"
	OSName="Linux"
	Hostname="Rileys-Desktop"
	OSRelease="5.10.16.3-microsoft-standard-WSL2"
	OSVersion="#1 SMP Fri Apr 2 22:23:49 UTC 2021"
	OSPlatform="x86_64"
	Is64Bits="1"
	VendorString="GenuineIntel"
	VendorID="Intel Corporation"
	FamilyID="6"
	ModelID="165"
	ProcessorCacheSize="12288"
	NumberOfLogicalCPU="12"
	NumberOfPhysicalCPU="6"
	TotalVirtualMemory="4096"
	TotalPhysicalMemory="12723"
	LogicalProcessorsPerPhysical="2"
	ProcessorClockFrequency="2904"
	>
	<Testing>
		<StartDateTime>Sep 02 18:36 MST</StartDateTime>
		<StartTestTime>1693705018</StartTestTime>
		<TestList/>
		<EndDateTime>Sep 02 18:36 MST</EndDateTime>
		<EndTestTime>1693705018</EndTestTime>
		<ElapsedMinutes>0</ElapsedMinutes>
	</Testing>
</Site>
